正在装入软件包 jcj1988.analyze 的源文件...
正在装入软件包 jcj1988.vm 的源文件...
正在装入软件包 jcj1988.factory 的源文件...
正在装入软件包 jcj1988.io 的源文件...
正在装入软件包 jcj1988.oprate 的源文件...
正在装入软件包 jcj1988.manage 的源文件...
正在装入软件包 jcj1988.cfg 的源文件...
正在构造 Javadoc 信息...
标准 Doclet 版本 1.6.0_13
正在构建所有软件包和类的树...
正在生成 E:\javaSpace\gmh\doc\jcj1988/analyze/\Analyzable.html...
正在生成 E:\javaSpace\gmh\doc\jcj1988/analyze/\CmdAnalyze.html...
正在生成 E:\javaSpace\gmh\doc\jcj1988/analyze/\OpAnalyzeImpl.html...
正在生成 E:\javaSpace\gmh\doc\jcj1988/analyze/\VmAnalyzeImpl.html...
正在生成 E:\javaSpace\gmh\doc\jcj1988/vm/\CodeSection.html...
正在生成 E:\javaSpace\gmh\doc\jcj1988/vm/\GMH.html...
正在生成 E:\javaSpace\gmh\doc\jcj1988/vm/\RunMode.html...
E:\javaSpace\gmh\src\jcj1988\vm\RunMode.java:8: 警告 - @按照声明该枚举类型的常量的顺序，返回 是未知标记。
正在生成 E:\javaSpace\gmh\doc\jcj1988/vm/\Showable.html...
正在生成 E:\javaSpace\gmh\doc\jcj1988/vm/\TriNode.html...
正在生成 E:\javaSpace\gmh\doc\jcj1988/factory/\Factoryable.html...
正在生成 E:\javaSpace\gmh\doc\jcj1988/factory/\OpEnum.html...
正在生成 E:\javaSpace\gmh\doc\jcj1988/factory/\OpEnum.OpCode.html...
E:\javaSpace\gmh\src\jcj1988\factory\OpEnum.java:112: 警告 - @按照声明该枚举类型的常量的顺序，返回 是未知标记。
正在生成 E:\javaSpace\gmh\doc\jcj1988/factory/\Operators.html...
正在生成 E:\javaSpace\gmh\doc\jcj1988/io/\IO.html...
正在生成 E:\javaSpace\gmh\doc\jcj1988/io/\IOable.html...
正在生成 E:\javaSpace\gmh\doc\jcj1988/io/\IOimpl.html...
正在生成 E:\javaSpace\gmh\doc\jcj1988/io/\StdIO.html...
正在生成 E:\javaSpace\gmh\doc\jcj1988/io/\ToFile.html...
正在生成 E:\javaSpace\gmh\doc\jcj1988/oprate/\Arith.html...
正在生成 E:\javaSpace\gmh\doc\jcj1988/oprate/\Callable.html...
正在生成 E:\javaSpace\gmh\doc\jcj1988/oprate/\Executable.html...
正在生成 E:\javaSpace\gmh\doc\jcj1988/oprate/\Flow.html...
正在生成 E:\javaSpace\gmh\doc\jcj1988/oprate/\Heap.html...
正在生成 E:\javaSpace\gmh\doc\jcj1988/oprate/\IO.html...
正在生成 E:\javaSpace\gmh\doc\jcj1988/oprate/\OpCode.html...
正在生成 E:\javaSpace\gmh\doc\jcj1988/oprate/\Operatable.html...
正在生成 E:\javaSpace\gmh\doc\jcj1988/oprate/\OperatorArg.html...
正在生成 E:\javaSpace\gmh\doc\jcj1988/oprate/\OperatorNArg.html...
正在生成 E:\javaSpace\gmh\doc\jcj1988/oprate/\Stack.html...
正在生成 E:\javaSpace\gmh\doc\jcj1988/manage/\CmpMng.html...
正在生成 E:\javaSpace\gmh\doc\jcj1988/manage/\DebugMng.html...
正在生成 E:\javaSpace\gmh\doc\jcj1988/manage/\Manager.html...
正在生成 E:\javaSpace\gmh\doc\jcj1988/manage/\RunMng.html...
正在生成 E:\javaSpace\gmh\doc\jcj1988/cfg/\Config.html...
正在生成 E:\javaSpace\gmh\doc\jcj1988/cfg/\DomParse.html...
正在生成 E:\javaSpace\gmh\doc\jcj1988/cfg/\VMarg.html...
正在生成 E:\javaSpace\gmh\doc\overview-frame.html...
正在生成 E:\javaSpace\gmh\doc\jcj1988/analyze/\package-frame.html...
正在生成 E:\javaSpace\gmh\doc\jcj1988/analyze/\package-summary.html...
正在生成 E:\javaSpace\gmh\doc\jcj1988/analyze/\package-tree.html...
正在生成 E:\javaSpace\gmh\doc\jcj1988/cfg/\package-frame.html...
正在生成 E:\javaSpace\gmh\doc\jcj1988/cfg/\package-summary.html...
正在生成 E:\javaSpace\gmh\doc\jcj1988/cfg/\package-tree.html...
正在生成 E:\javaSpace\gmh\doc\jcj1988/factory/\package-frame.html...
正在生成 E:\javaSpace\gmh\doc\jcj1988/factory/\package-summary.html...
正在生成 E:\javaSpace\gmh\doc\jcj1988/factory/\package-tree.html...
正在生成 E:\javaSpace\gmh\doc\jcj1988/io/\package-frame.html...
正在生成 E:\javaSpace\gmh\doc\jcj1988/io/\package-summary.html...
正在生成 E:\javaSpace\gmh\doc\jcj1988/io/\package-tree.html...
正在生成 E:\javaSpace\gmh\doc\jcj1988/manage/\package-frame.html...
正在生成 E:\javaSpace\gmh\doc\jcj1988/manage/\package-summary.html...
正在生成 E:\javaSpace\gmh\doc\jcj1988/manage/\package-tree.html...
正在生成 E:\javaSpace\gmh\doc\jcj1988/oprate/\package-frame.html...
正在生成 E:\javaSpace\gmh\doc\jcj1988/oprate/\package-summary.html...
正在生成 E:\javaSpace\gmh\doc\jcj1988/oprate/\package-tree.html...
正在生成 E:\javaSpace\gmh\doc\jcj1988/vm/\package-frame.html...
正在生成 E:\javaSpace\gmh\doc\jcj1988/vm/\package-summary.html...
正在生成 E:\javaSpace\gmh\doc\jcj1988/vm/\package-tree.html...
正在生成 E:\javaSpace\gmh\doc\constant-values.html...
正在生成 E:\javaSpace\gmh\doc\jcj1988/analyze/\class-use\VmAnalyzeImpl.html...
正在生成 E:\javaSpace\gmh\doc\jcj1988/analyze/\class-use\OpAnalyzeImpl.html...
正在生成 E:\javaSpace\gmh\doc\jcj1988/analyze/\class-use\CmdAnalyze.html...
正在生成 E:\javaSpace\gmh\doc\jcj1988/analyze/\class-use\Analyzable.html...
正在生成 E:\javaSpace\gmh\doc\jcj1988/vm/\class-use\TriNode.html...
正在生成 E:\javaSpace\gmh\doc\jcj1988/vm/\class-use\Showable.html...
正在生成 E:\javaSpace\gmh\doc\jcj1988/vm/\class-use\RunMode.html...
正在生成 E:\javaSpace\gmh\doc\jcj1988/vm/\class-use\GMH.html...
正在生成 E:\javaSpace\gmh\doc\jcj1988/vm/\class-use\CodeSection.html...
正在生成 E:\javaSpace\gmh\doc\jcj1988/factory/\class-use\Operators.html...
正在生成 E:\javaSpace\gmh\doc\jcj1988/factory/\class-use\OpEnum.html...
正在生成 E:\javaSpace\gmh\doc\jcj1988/factory/\class-use\OpEnum.OpCode.html...
正在生成 E:\javaSpace\gmh\doc\jcj1988/factory/\class-use\Factoryable.html...
正在生成 E:\javaSpace\gmh\doc\jcj1988/io/\class-use\ToFile.html...
正在生成 E:\javaSpace\gmh\doc\jcj1988/io/\class-use\StdIO.html...
正在生成 E:\javaSpace\gmh\doc\jcj1988/io/\class-use\IOimpl.html...
正在生成 E:\javaSpace\gmh\doc\jcj1988/io/\class-use\IOable.html...
正在生成 E:\javaSpace\gmh\doc\jcj1988/io/\class-use\IO.html...
正在生成 E:\javaSpace\gmh\doc\jcj1988/oprate/\class-use\Stack.html...
正在生成 E:\javaSpace\gmh\doc\jcj1988/oprate/\class-use\OperatorNArg.html...
正在生成 E:\javaSpace\gmh\doc\jcj1988/oprate/\class-use\OperatorArg.html...
正在生成 E:\javaSpace\gmh\doc\jcj1988/oprate/\class-use\Operatable.html...
正在生成 E:\javaSpace\gmh\doc\jcj1988/oprate/\class-use\OpCode.html...
正在生成 E:\javaSpace\gmh\doc\jcj1988/oprate/\class-use\IO.html...
正在生成 E:\javaSpace\gmh\doc\jcj1988/oprate/\class-use\Heap.html...
正在生成 E:\javaSpace\gmh\doc\jcj1988/oprate/\class-use\Flow.html...
正在生成 E:\javaSpace\gmh\doc\jcj1988/oprate/\class-use\Executable.html...
正在生成 E:\javaSpace\gmh\doc\jcj1988/oprate/\class-use\Callable.html...
正在生成 E:\javaSpace\gmh\doc\jcj1988/oprate/\class-use\Arith.html...
正在生成 E:\javaSpace\gmh\doc\jcj1988/manage/\class-use\RunMng.html...
正在生成 E:\javaSpace\gmh\doc\jcj1988/manage/\class-use\Manager.html...
正在生成 E:\javaSpace\gmh\doc\jcj1988/manage/\class-use\DebugMng.html...
正在生成 E:\javaSpace\gmh\doc\jcj1988/manage/\class-use\CmpMng.html...
正在生成 E:\javaSpace\gmh\doc\jcj1988/cfg/\class-use\VMarg.html...
正在生成 E:\javaSpace\gmh\doc\jcj1988/cfg/\class-use\DomParse.html...
正在生成 E:\javaSpace\gmh\doc\jcj1988/cfg/\class-use\Config.html...
正在生成 E:\javaSpace\gmh\doc\jcj1988/analyze/\package-use.html...
正在生成 E:\javaSpace\gmh\doc\jcj1988/cfg/\package-use.html...
正在生成 E:\javaSpace\gmh\doc\jcj1988/factory/\package-use.html...
正在生成 E:\javaSpace\gmh\doc\jcj1988/io/\package-use.html...
正在生成 E:\javaSpace\gmh\doc\jcj1988/manage/\package-use.html...
正在生成 E:\javaSpace\gmh\doc\jcj1988/oprate/\package-use.html...
正在生成 E:\javaSpace\gmh\doc\jcj1988/vm/\package-use.html...
正在构建所有软件包和类的索引...
正在生成 E:\javaSpace\gmh\doc\overview-tree.html...
正在生成 E:\javaSpace\gmh\doc\index-files\index-1.html...
正在生成 E:\javaSpace\gmh\doc\index-files\index-2.html...
正在生成 E:\javaSpace\gmh\doc\index-files\index-3.html...
正在生成 E:\javaSpace\gmh\doc\index-files\index-4.html...
正在生成 E:\javaSpace\gmh\doc\index-files\index-5.html...
正在生成 E:\javaSpace\gmh\doc\index-files\index-6.html...
正在生成 E:\javaSpace\gmh\doc\index-files\index-7.html...
正在生成 E:\javaSpace\gmh\doc\index-files\index-8.html...
正在生成 E:\javaSpace\gmh\doc\index-files\index-9.html...
正在生成 E:\javaSpace\gmh\doc\index-files\index-10.html...
正在生成 E:\javaSpace\gmh\doc\index-files\index-11.html...
正在生成 E:\javaSpace\gmh\doc\index-files\index-12.html...
正在生成 E:\javaSpace\gmh\doc\index-files\index-13.html...
正在生成 E:\javaSpace\gmh\doc\index-files\index-14.html...
正在生成 E:\javaSpace\gmh\doc\index-files\index-15.html...
正在生成 E:\javaSpace\gmh\doc\index-files\index-16.html...
正在生成 E:\javaSpace\gmh\doc\index-files\index-17.html...
正在生成 E:\javaSpace\gmh\doc\index-files\index-18.html...
正在生成 E:\javaSpace\gmh\doc\index-files\index-19.html...
正在生成 E:\javaSpace\gmh\doc\deprecated-list.html...
正在构建所有类的索引...
正在生成 E:\javaSpace\gmh\doc\allclasses-frame.html...
正在生成 E:\javaSpace\gmh\doc\allclasses-noframe.html...
正在生成 E:\javaSpace\gmh\doc\index.html...
正在生成 E:\javaSpace\gmh\doc\overview-summary.html...
正在生成 E:\javaSpace\gmh\doc\help-doc.html...
正在生成 E:\javaSpace\gmh\doc\stylesheet.css...
2 警告
